Using pre-set license
Built from '2021.3/staging' branch; Version is '2021.3.8f1 (b30333d56e81) revision 11731763'; Using compiler version '192829333'; Build Type 'Release'
OS: 'Windows 10  (10.0.19043) 64bit Education' Language: 'fr' Physical Memory: 16235 MB
BatchMode: 1, IsHumanControllingUs: 0, StartBugReporterOnCrash: 0, Is64bit: 1, IsPro: 1

COMMAND LINE ARGUMENTS:
C:\Program Files\Unity\Hub\Editor\2021.3.8f1\Editor\Unity.exe
-adb2
-batchMode
-noUpm
-name
AssetImportWorker0
-projectPath
C:/Users/2039823/Documents/GitHub/self-driving-car-sim
-logFile
Logs/AssetImportWorker0.log
-srvPort
62556
Successfully changed project path to: C:/Users/2039823/Documents/GitHub/self-driving-car-sim
C:/Users/2039823/Documents/GitHub/self-driving-car-sim
[UnityMemory] Configuration Parameters - Can be set up in boot.config
    "memorysetup-bucket-allocator-granularity=16"
    "memorysetup-bucket-allocator-bucket-count=8"
    "memorysetup-bucket-allocator-block-size=33554432"
    "memorysetup-bucket-allocator-block-count=8"
    "memorysetup-main-allocator-block-size=16777216"
    "memorysetup-thread-allocator-block-size=16777216"
    "memorysetup-gfx-main-allocator-block-size=16777216"
    "memorysetup-gfx-thread-allocator-block-size=16777216"
    "memorysetup-cache-allocator-block-size=4194304"
    "memorysetup-typetree-allocator-block-size=2097152"
    "memorysetup-profiler-bucket-allocator-granularity=16"
    "memorysetup-profiler-bucket-allocator-bucket-count=8"
    "memorysetup-profiler-bucket-allocator-block-size=33554432"
    "memorysetup-profiler-bucket-allocator-block-count=8"
    "memorysetup-profiler-allocator-block-size=16777216"
    "memorysetup-profiler-editor-allocator-block-size=1048576"
    "memorysetup-temp-allocator-size-main=16777216"
    "memorysetup-job-temp-allocator-block-size=2097152"
    "memorysetup-job-temp-allocator-block-size-background=1048576"
    "memorysetup-job-temp-allocator-reduction-small-platforms=262144"
    "memorysetup-temp-allocator-size-background-worker=32768"
    "memorysetup-temp-allocator-size-job-worker=262144"
    "memorysetup-temp-allocator-size-preload-manager=33554432"
    "memorysetup-temp-allocator-size-nav-mesh-worker=65536"
    "memorysetup-temp-allocator-size-audio-worker=65536"
    "memorysetup-temp-allocator-size-cloud-worker=32768"
    "memorysetup-temp-allocator-size-gi-baking-worker=262144"
    "memorysetup-temp-allocator-size-gfx=262144"
Platform WindowsStandaloneSupport does not support graphics device type 
Refreshing native plugins compatible for Editor in 75.67 ms, found 3 plugins.
Preloading 0 native plugins for Editor in 0.00 ms.
Initialize engine version: 2021.3.8f1 (b30333d56e81)
[Subsystems] Discovering subsystems at path C:/Program Files/Unity/Hub/Editor/2021.3.8f1/Editor/Data/Resources/UnitySubsystems
[Subsystems] Discovering subsystems at path C:/Users/2039823/Documents/GitHub/self-driving-car-sim/Assets
GfxDevice: creating device client; threaded=0; jobified=0
Direct3D:
    Version:  Direct3D 11.0 [level 11.1]
    Renderer: NVIDIA GeForce RTX 2070 (ID=0x1f02)
    Vendor:   NVIDIA
    VRAM:     8031 MB
    Driver:   27.21.14.5671
Initialize mono
Mono path[0] = 'C:/Program Files/Unity/Hub/Editor/2021.3.8f1/Editor/Data/Managed'
Mono path[1] = 'C:/Program Files/Unity/Hub/Editor/2021.3.8f1/Editor/Data/MonoBleedingEdge/lib/mono/unityjit-win32'
Mono config path = 'C:/Program Files/Unity/Hub/Editor/2021.3.8f1/Editor/Data/MonoBleedingEdge/etc'
Using monoOptions --debugger-agent=transport=dt_socket,embedding=1,server=y,suspend=n,address=127.0.0.1:56176
Begin MonoManager ReloadAssembly
Registering precompiled unity dll's ...
Register platform support module: C:/Program Files/Unity/Hub/Editor/2021.3.8f1/Editor/Data/PlaybackEngines/WebGLSupport/UnityEditor.WebGL.Extensions.dll
Register platform support module: C:/Program Files/Unity/Hub/Editor/2021.3.8f1/Editor/Data/PlaybackEngines/WindowsStandaloneSupport/UnityEditor.WindowsStandalone.Extensions.dll
Registered in 0.006560 seconds.
Native extension for WindowsStandalone target not found
Native extension for WebGL target not found
Refreshing native plugins compatible for Editor in 67.87 ms, found 3 plugins.
Preloading 0 native plugins for Editor in 0.00 ms.
Mono: successfully reloaded assembly
- Completed reload, in  0.585 seconds
Domain Reload Profiling:
	ReloadAssembly (586ms)
		BeginReloadAssembly (72ms)
			ExecutionOrderSort (0ms)
			DisableScriptedObjects (0ms)
			BackupInstance (0ms)
			ReleaseScriptingObjects (0ms)
			CreateAndSetChildDomain (1ms)
		EndReloadAssembly (415ms)
			LoadAssemblies (69ms)
			RebuildTransferFunctionScriptingTraits (0ms)
			SetupTypeCache (94ms)
			ReleaseScriptCaches (0ms)
			RebuildScriptCaches (28ms)
			SetupLoadedEditorAssemblies (244ms)
				LogAssemblyErrors (0ms)
				InitializePlatformSupportModulesInManaged (8ms)
				SetLoadedEditorAssemblies (0ms)
				RefreshPlugins (68ms)
				BeforeProcessingInitializeOnLoad (1ms)
				ProcessInitializeOnLoadAttributes (123ms)
				ProcessInitializeOnLoadMethodAttributes (44ms)
				AfterProcessingInitializeOnLoad (0ms)
				EditorAssembliesLoaded (0ms)
			ExecutionOrderSort2 (0ms)
			AwakeInstancesAfterBackupRestoration (0ms)
Platform modules already initialized, skipping
Registering precompiled user dll's ...
Registered in 0.006521 seconds.
Begin MonoManager ReloadAssembly
Symbol file LoadedFromMemory doesn't match image C:\Users\2039823\Documents\GitHub\self-driving-car-sim\Library\PackageCache\com.unity.visualscripting@1.7.8\Editor\VisualScripting.Core\Dependencies\YamlDotNet\Unity.VisualScripting.YamlDotNet.dll
Symbol file LoadedFromMemory doesn't match image C:\Users\2039823\Documents\GitHub\self-driving-car-sim\Library\PackageCache\com.unity.visualscripting@1.7.8\Editor\VisualScripting.Core\Dependencies\DotNetZip\Unity.VisualScripting.IonicZip.dll
OnLevelWasLoaded was found on ReturnToMainMenu
This message has been deprecated and will be removed in a later version of Unity.
Add a delegate to SceneManager.sceneLoaded instead to get notifications after scene loading has completed
Native extension for WindowsStandalone target not found
Native extension for WebGL target not found
Refreshing native plugins compatible for Editor in 0.59 ms, found 3 plugins.
Preloading 0 native plugins for Editor in 0.00 ms.
Mono: successfully reloaded assembly
- Completed reload, in  0.855 seconds
Domain Reload Profiling:
	ReloadAssembly (856ms)
		BeginReloadAssembly (99ms)
			ExecutionOrderSort (0ms)
			DisableScriptedObjects (5ms)
			BackupInstance (0ms)
			ReleaseScriptingObjects (0ms)
			CreateAndSetChildDomain (18ms)
		EndReloadAssembly (672ms)
			LoadAssemblies (71ms)
			RebuildTransferFunctionScriptingTraits (0ms)
			SetupTypeCache (197ms)
			ReleaseScriptCaches (1ms)
			RebuildScriptCaches (47ms)
			SetupLoadedEditorAssemblies (322ms)
				LogAssemblyErrors (0ms)
				InitializePlatformSupportModulesInManaged (12ms)
				SetLoadedEditorAssemblies (0ms)
				RefreshPlugins (1ms)
				BeforeProcessingInitializeOnLoad (70ms)
				ProcessInitializeOnLoadAttributes (207ms)
				ProcessInitializeOnLoadMethodAttributes (26ms)
				AfterProcessingInitializeOnLoad (7ms)
				EditorAssembliesLoaded (0ms)
			ExecutionOrderSort2 (0ms)
			AwakeInstancesAfterBackupRestoration (7ms)
Platform modules already initialized, skipping
========================================================================
Worker process is ready to serve import requests
Platform WindowsStandaloneSupport does not support graphics device type 
Launched and connected shader compiler UnityShaderCompiler.exe after 0.07 seconds
Refreshing native plugins compatible for Editor in 1.22 ms, found 3 plugins.
Preloading 0 native plugins for Editor in 0.00 ms.
Unloading 3561 Unused Serialized files (Serialized files now loaded: 0)
Unloading 26 unused Assets / (427.6 KB). Loaded Objects now: 4025.
Memory consumption went from 142.3 MB to 141.9 MB.
Total: 4.472700 ms (FindLiveObjects: 0.363000 ms CreateObjectMapping: 0.258300 ms MarkObjects: 3.500400 ms  DeleteObjects: 0.350100 ms)

AssetImportParameters requested are different than current active one (requested -> active):
  custom:video-decoder-ogg-theora: a1e56fd34408186e4bbccfd4996cb3dc -> 
  custom:container-muxer-webm: aa71ff27fc2769a1b78a27578f13a17b -> 
  custom:container-demuxer-webm: 4f35f7cbe854078d1ac9338744f61a02 -> 
  custom:video-encoder-webm-vp8: eb34c28f22e8b96e1ab97ce403110664 -> 
  custom:audio-encoder-webm-vorbis: bf7c407c2cedff20999df2af8eb42d56 -> 
  custom:framework-win-MediaFoundation: 216162199b28c13a410421893ffa2e32 -> 
  custom:container-demuxer-ogg: 62fdf1f143b41e24485cea50d1cbac27 -> 
  custom:video-decoder-webm-vp8: 9c59270c3fd7afecdb556c50c9e8de78 -> 
  custom:audio-decoder-ogg-vorbis: bf7c407c2cedff20999df2af8eb42d56 -> 
========================================================================
Received Import Request.
  Time since last request: 901659.177946 seconds.
  path: Assets/1_SelfDrivingCar/Sprites
  artifactKey: Guid(5fe0efaff049442f19e4fb74ea0d4581) Importer(815301076,1909f56bfc062723c751e8b465ee728b)
Start importing Assets/1_SelfDrivingCar/Sprites using Guid(5fe0efaff049442f19e4fb74ea0d4581) Importer(815301076,1909f56bfc062723c751e8b465ee728b)  -> (artifact id: 'e0cc0329566f58ac0ff982e31b9135f8') in 0.011963 seconds 
========================================================================
Received Import Request.
  Time since last request: 0.034271 seconds.
  path: Assets/1_SelfDrivingCar/Sprites/Background.png
  artifactKey: Guid(8780691d0865341caaab45f3bc9008d3) Importer(815301076,1909f56bfc062723c751e8b465ee728b)
Start importing Assets/1_SelfDrivingCar/Sprites/Background.png using Guid(8780691d0865341caaab45f3bc9008d3) Importer(815301076,1909f56bfc062723c751e8b465ee728b)  -> (artifact id: '9229f51e55f893ddc2578e5db80960ac') in 0.380601 seconds 
========================================================================
Received Import Request.
  Time since last request: 0.000021 seconds.
  path: Assets/1_SelfDrivingCar/Sprites/Speed.png
  artifactKey: Guid(98b03492d9b6943c7bcecaf0af23919a) Importer(815301076,1909f56bfc062723c751e8b465ee728b)
Start importing Assets/1_SelfDrivingCar/Sprites/Speed.png using Guid(98b03492d9b6943c7bcecaf0af23919a) Importer(815301076,1909f56bfc062723c751e8b465ee728b)  -> (artifact id: 'fb3a835036a336fd02adef3ed42d14a8') in 0.049309 seconds 
========================================================================
Received Import Request.
  Time since last request: 0.000021 seconds.
  path: Assets/1_SelfDrivingCar/Sprites/RecordSprite.png
  artifactKey: Guid(d233b435626e64b7ca10d43284267eb2) Importer(815301076,1909f56bfc062723c751e8b465ee728b)
Start importing Assets/1_SelfDrivingCar/Sprites/RecordSprite.png using Guid(d233b435626e64b7ca10d43284267eb2) Importer(815301076,1909f56bfc062723c751e8b465ee728b)  -> (artifact id: '33e0754e77e75f223e9727594408ec3b') in 0.017040 seconds 
========================================================================
Received Import Request.
  Time since last request: 0.000015 seconds.
  path: Assets/1_SelfDrivingCar/Sprites/SplashSprite.png
  artifactKey: Guid(cdfab036d1df241ea90c2461e2849c1f) Importer(815301076,1909f56bfc062723c751e8b465ee728b)
Start importing Assets/1_SelfDrivingCar/Sprites/SplashSprite.png using Guid(cdfab036d1df241ea90c2461e2849c1f) Importer(815301076,1909f56bfc062723c751e8b465ee728b)  -> (artifact id: '87adb88ca07cf77e70c949a1a2a946d3') in 0.206862 seconds 
========================================================================
Received Import Request.
  Time since last request: 8.445141 seconds.
  path: Assets/1_SelfDrivingCar/Textures/Waypoint Camera (Center).renderTexture
  artifactKey: Guid(fbdb482721b3e44c0be3c4ab8af28ae6) Importer(815301076,1909f56bfc062723c751e8b465ee728b)
Start importing Assets/1_SelfDrivingCar/Textures/Waypoint Camera (Center).renderTexture using Guid(fbdb482721b3e44c0be3c4ab8af28ae6) Importer(815301076,1909f56bfc062723c751e8b465ee728b)  -> (artifact id: 'f0c712f9edd73930a4115eea9dbb4ef4') in 0.035316 seconds 
========================================================================
Received Import Request.
  Time since last request: 0.000014 seconds.
  path: Assets/1_SelfDrivingCar/Textures/Waypoint Camera (Right).renderTexture
  artifactKey: Guid(70dfd423b4d8347758d951ca5583d449) Importer(815301076,1909f56bfc062723c751e8b465ee728b)
Start importing Assets/1_SelfDrivingCar/Textures/Waypoint Camera (Right).renderTexture using Guid(70dfd423b4d8347758d951ca5583d449) Importer(815301076,1909f56bfc062723c751e8b465ee728b)  -> (artifact id: 'b5794a452cc57c315a79524a7d5a6413') in 0.018494 seconds 
========================================================================
Received Import Request.
  Time since last request: 2.258437 seconds.
  path: Assets/1_SelfDrivingCar/UI/drivingUI_Reference.png
  artifactKey: Guid(1075559fb9708004198a5028bb8293d7) Importer(815301076,1909f56bfc062723c751e8b465ee728b)
Start importing Assets/1_SelfDrivingCar/UI/drivingUI_Reference.png using Guid(1075559fb9708004198a5028bb8293d7) Importer(815301076,1909f56bfc062723c751e8b465ee728b)  -> (artifact id: 'ba91d23b58d03ea48174537eb5f3ba3e') in 0.069070 seconds 
========================================================================
Received Import Request.
  Time since last request: 0.000022 seconds.
  path: Assets/1_SelfDrivingCar/UI/record_pause_80x84.png
  artifactKey: Guid(f16a24fb1c5fe4647b841d129e72a233) Importer(815301076,1909f56bfc062723c751e8b465ee728b)
Start importing Assets/1_SelfDrivingCar/UI/record_pause_80x84.png using Guid(f16a24fb1c5fe4647b841d129e72a233) Importer(815301076,1909f56bfc062723c751e8b465ee728b)  -> (artifact id: 'ff00accb642b9e5cbbf1dcd1d1da6d0d') in 0.020972 seconds 
========================================================================
Received Import Request.
  Time since last request: 0.000021 seconds.
  path: Assets/1_SelfDrivingCar/UI/record_disabled_80x85.png
  artifactKey: Guid(69d62d83dfbce4153b3546b228ad4890) Importer(815301076,1909f56bfc062723c751e8b465ee728b)
Start importing Assets/1_SelfDrivingCar/UI/record_disabled_80x85.png using Guid(69d62d83dfbce4153b3546b228ad4890) Importer(815301076,1909f56bfc062723c751e8b465ee728b)  -> (artifact id: '9a858ac5121ad0d8452de051beebc61b') in 0.028343 seconds 
========================================================================
Received Import Request.
  Time since last request: 26.095749 seconds.
  path: Assets/1_SelfDrivingCar/Prefabs/CarUI.prefab
  artifactKey: Guid(96664f82c8df0114a92fe864c83a9a48) Importer(815301076,1909f56bfc062723c751e8b465ee728b)
Start importing Assets/1_SelfDrivingCar/Prefabs/CarUI.prefab using Guid(96664f82c8df0114a92fe864c83a9a48) Importer(815301076,1909f56bfc062723c751e8b465ee728b)  -> (artifact id: '429447ae4a432c764eb892d5b3b84823') in 0.060181 seconds 
========================================================================
Received Import Request.
  Time since last request: 0.000016 seconds.
  path: Assets/1_SelfDrivingCar/Prefabs/ThreadDispatcher.prefab
  artifactKey: Guid(c1cb25368752143148dfa12c633a93ce) Importer(815301076,1909f56bfc062723c751e8b465ee728b)
Start importing Assets/1_SelfDrivingCar/Prefabs/ThreadDispatcher.prefab using Guid(c1cb25368752143148dfa12c633a93ce) Importer(815301076,1909f56bfc062723c751e8b465ee728b)  -> (artifact id: 'bd701cdb636997449ee3a3080a6b7b6b') in 0.009218 seconds 
========================================================================
Received Import Request.
  Time since last request: 0.000030 seconds.
  path: Assets/1_SelfDrivingCar/Prefabs/CommandServer.prefab
  artifactKey: Guid(16328d84059a4491da82863ec16eb6a1) Importer(815301076,1909f56bfc062723c751e8b465ee728b)
Start importing Assets/1_SelfDrivingCar/Prefabs/CommandServer.prefab using Guid(16328d84059a4491da82863ec16eb6a1) Importer(815301076,1909f56bfc062723c751e8b465ee728b)  -> (artifact id: 'b60df27b4b5993870652d9b4c1739591') in 0.013970 seconds 
========================================================================
Received Import Request.
  Time since last request: 0.000044 seconds.
  path: Assets/1_SelfDrivingCar/Prefabs/SkidTrail.prefab
  artifactKey: Guid(4b6aa99de5d21424eab6ae279f31475b) Importer(815301076,1909f56bfc062723c751e8b465ee728b)
Start importing Assets/1_SelfDrivingCar/Prefabs/SkidTrail.prefab using Guid(4b6aa99de5d21424eab6ae279f31475b) Importer(815301076,1909f56bfc062723c751e8b465ee728b)  -> (artifact id: '3325dbd17fd8eb3193465ed700930957') in 0.040271 seconds 
========================================================================
Received Import Request.
  Time since last request: 0.000032 seconds.
  path: Assets/1_SelfDrivingCar/Prefabs/SimulatorUI.prefab
  artifactKey: Guid(ab47493ccf8e84ed0978d1ff3e1826e8) Importer(815301076,1909f56bfc062723c751e8b465ee728b)
Start importing Assets/1_SelfDrivingCar/Prefabs/SimulatorUI.prefab using Guid(ab47493ccf8e84ed0978d1ff3e1826e8) Importer(815301076,1909f56bfc062723c751e8b465ee728b)  -> (artifact id: 'b2118af26b260a02acd2976e867dc459') in 0.017138 seconds 
========================================================================
Received Import Request.
  Time since last request: 0.000026 seconds.
  path: Assets/1_SelfDrivingCar/Prefabs/SocketIO.prefab
  artifactKey: Guid(1f347eea738f54024b45de3f0811b76a) Importer(815301076,1909f56bfc062723c751e8b465ee728b)
Start importing Assets/1_SelfDrivingCar/Prefabs/SocketIO.prefab using Guid(1f347eea738f54024b45de3f0811b76a) Importer(815301076,1909f56bfc062723c751e8b465ee728b)  -> (artifact id: '14181fd69021a162f4a53f12df439557') in 0.013040 seconds 
========================================================================
Received Prepare
Platform WindowsStandaloneSupport does not support graphics device type 
Registering precompiled user dll's ...
Registered in 0.006379 seconds.
Begin MonoManager ReloadAssembly
Symbol file LoadedFromMemory doesn't match image C:\Users\2039823\Documents\GitHub\self-driving-car-sim\Library\PackageCache\com.unity.visualscripting@1.7.8\Editor\VisualScripting.Core\Dependencies\YamlDotNet\Unity.VisualScripting.YamlDotNet.dll
Symbol file LoadedFromMemory doesn't match image C:\Users\2039823\Documents\GitHub\self-driving-car-sim\Library\PackageCache\com.unity.visualscripting@1.7.8\Editor\VisualScripting.Core\Dependencies\DotNetZip\Unity.VisualScripting.IonicZip.dll
Native extension for WindowsStandalone target not found
Native extension for WebGL target not found
Refreshing native plugins compatible for Editor in 0.53 ms, found 3 plugins.
Preloading 0 native plugins for Editor in 0.00 ms.
Mono: successfully reloaded assembly
- Completed reload, in  0.811 seconds
Domain Reload Profiling:
	ReloadAssembly (812ms)
		BeginReloadAssembly (117ms)
			ExecutionOrderSort (0ms)
			DisableScriptedObjects (4ms)
			BackupInstance (0ms)
			ReleaseScriptingObjects (0ms)
			CreateAndSetChildDomain (34ms)
		EndReloadAssembly (608ms)
			LoadAssemblies (78ms)
			RebuildTransferFunctionScriptingTraits (0ms)
			SetupTypeCache (194ms)
			ReleaseScriptCaches (1ms)
			RebuildScriptCaches (35ms)
			SetupLoadedEditorAssemblies (270ms)
				LogAssemblyErrors (0ms)
				InitializePlatformSupportModulesInManaged (12ms)
				SetLoadedEditorAssemblies (0ms)
				RefreshPlugins (1ms)
				BeforeProcessingInitializeOnLoad (54ms)
				ProcessInitializeOnLoadAttributes (171ms)
				ProcessInitializeOnLoadMethodAttributes (25ms)
				AfterProcessingInitializeOnLoad (7ms)
				EditorAssembliesLoaded (0ms)
			ExecutionOrderSort2 (0ms)
			AwakeInstancesAfterBackupRestoration (6ms)
Platform modules already initialized, skipping
OnLevelWasLoaded was found on ReturnToMainMenu
This message has been deprecated and will be removed in a later version of Unity.
Add a delegate to SceneManager.sceneLoaded instead to get notifications after scene loading has completed
Refreshing native plugins compatible for Editor in 1.65 ms, found 3 plugins.
Preloading 0 native plugins for Editor in 0.00 ms.
Unloading 3474 Unused Serialized files (Serialized files now loaded: 0)
Unloading 21 unused Assets / (421.9 KB). Loaded Objects now: 4054.
Memory consumption went from 138.5 MB to 138.0 MB.
Total: 2.854300 ms (FindLiveObjects: 0.270300 ms CreateObjectMapping: 0.172700 ms MarkObjects: 2.181000 ms  DeleteObjects: 0.229200 ms)

AssetImportParameters requested are different than current active one (requested -> active):
  custom:video-decoder-ogg-theora: a1e56fd34408186e4bbccfd4996cb3dc -> 
  custom:container-muxer-webm: aa71ff27fc2769a1b78a27578f13a17b -> 
  custom:container-demuxer-webm: 4f35f7cbe854078d1ac9338744f61a02 -> 
  custom:video-encoder-webm-vp8: eb34c28f22e8b96e1ab97ce403110664 -> 
  custom:audio-encoder-webm-vorbis: bf7c407c2cedff20999df2af8eb42d56 -> 
  custom:framework-win-MediaFoundation: 216162199b28c13a410421893ffa2e32 -> 
  custom:container-demuxer-ogg: 62fdf1f143b41e24485cea50d1cbac27 -> 
  custom:video-decoder-webm-vp8: 9c59270c3fd7afecdb556c50c9e8de78 -> 
  custom:audio-decoder-ogg-vorbis: bf7c407c2cedff20999df2af8eb42d56 -> 
Editor requested this worker to shutdown with reason: Scaling down because of idle timeout
AssetImportWorker is now disconnected from the server
Process exiting
Exiting without the bug reporter. Application will terminate with return code 0